[debug] [2025-12-26T22:10:44.224Z] ----------------------------------------------------------------------
[debug] [2025-12-26T22:10:44.234Z] Command:       /usr/local/bin/node /usr/local/bin/firebase deploy --only functions
[debug] [2025-12-26T22:10:44.235Z] CLI Version:   15.1.0
[debug] [2025-12-26T22:10:44.235Z] Platform:      darwin
[debug] [2025-12-26T22:10:44.235Z] Node Version:  v22.19.0
[debug] [2025-12-26T22:10:44.235Z] Time:          Fri Dec 26 2025 23:10:44 GMT+0100 (Central European Standard Time)
[debug] [2025-12-26T22:10:44.235Z] ----------------------------------------------------------------------
[debug] 
[debug] [2025-12-26T22:10:45.534Z] > command requires scopes: ["email","openid","https://www.googleapis.com/auth/cloudplatformprojects.readonly","https://www.googleapis.com/auth/firebase","https://www.googleapis.com/auth/cloud-platform"]
[debug] [2025-12-26T22:10:45.535Z] > authorizing via signed-in user (arthurdesmedt2@gmail.com)
[debug] [2025-12-26T22:10:45.535Z] [iam] checking project roomly-ba for permissions ["cloudfunctions.functions.create","cloudfunctions.functions.delete","cloudfunctions.functions.get","cloudfunctions.functions.list","cloudfunctions.functions.update","cloudfunctions.operations.get","firebase.projects.get"]
[debug] [2025-12-26T22:10:45.537Z] Checked if tokens are valid: true, expires at: 1766789788916
[debug] [2025-12-26T22:10:45.537Z] Checked if tokens are valid: true, expires at: 1766789788916
[debug] [2025-12-26T22:10:45.538Z] >>> [apiv2][query] POST https://cloudresourcemanager.googleapis.com/v1/projects/roomly-ba:testIamPermissions [none]
[debug] [2025-12-26T22:10:45.538Z] >>> [apiv2][(partial)header] POST https://cloudresourcemanager.googleapis.com/v1/projects/roomly-ba:testIamPermissions x-goog-quota-user=projects/roomly-ba
[debug] [2025-12-26T22:10:45.538Z] >>> [apiv2][body] POST https://cloudresourcemanager.googleapis.com/v1/projects/roomly-ba:testIamPermissions {"permissions":["cloudfunctions.functions.create","cloudfunctions.functions.delete","cloudfunctions.functions.get","cloudfunctions.functions.list","cloudfunctions.functions.update","cloudfunctions.operations.get","firebase.projects.get"]}
[debug] [2025-12-26T22:10:46.362Z] <<< [apiv2][status] POST https://cloudresourcemanager.googleapis.com/v1/projects/roomly-ba:testIamPermissions 200
[debug] [2025-12-26T22:10:46.362Z] <<< [apiv2][body] POST https://cloudresourcemanager.googleapis.com/v1/projects/roomly-ba:testIamPermissions {"permissions":["cloudfunctions.functions.create","cloudfunctions.functions.delete","cloudfunctions.functions.get","cloudfunctions.functions.list","cloudfunctions.functions.update","cloudfunctions.operations.get","firebase.projects.get"]}
[debug] [2025-12-26T22:10:46.363Z] Checked if tokens are valid: true, expires at: 1766789788916
[debug] [2025-12-26T22:10:46.363Z] Checked if tokens are valid: true, expires at: 1766789788916
[debug] [2025-12-26T22:10:46.363Z] >>> [apiv2][query] POST https://iam.googleapis.com/v1/projects/roomly-ba/serviceAccounts/roomly-ba@appspot.gserviceaccount.com:testIamPermissions [none]
[debug] [2025-12-26T22:10:46.363Z] >>> [apiv2][body] POST https://iam.googleapis.com/v1/projects/roomly-ba/serviceAccounts/roomly-ba@appspot.gserviceaccount.com:testIamPermissions {"permissions":["iam.serviceAccounts.actAs"]}
[debug] [2025-12-26T22:10:46.636Z] <<< [apiv2][status] POST https://iam.googleapis.com/v1/projects/roomly-ba/serviceAccounts/roomly-ba@appspot.gserviceaccount.com:testIamPermissions 200
[debug] [2025-12-26T22:10:46.637Z] <<< [apiv2][body] POST https://iam.googleapis.com/v1/projects/roomly-ba/serviceAccounts/roomly-ba@appspot.gserviceaccount.com:testIamPermissions {"permissions":["iam.serviceAccounts.actAs"]}
[info] 
[info] === Deploying to 'roomly-ba'...
[info] 
[info] i  deploying functions 
[info] Running command: npm --prefix "$RESOURCE_DIR" run lint
[info] Running command: npm --prefix "$RESOURCE_DIR" run build
